<?xml version="1.0" encoding="UTF-8"?>
<!-- Generated by org.testng.reporters.JUnitReportReporter -->
<testsuite hostname="LAPTOP-16B2CL7O" failures="0" tests="2" name="Batch_Testing.PaymentTest" time="0.119" errors="0" timestamp="2024-06-22T15:40:55 IST" skipped="0">
  <testcase classname="Batch_Testing.PaymentTest" name="CashOnNetBanking" time="0.077"/>
  <system-out/>
  <testcase classname="Batch_Testing.PaymentTest" name="CashOnDelivery" time="0.042"/>
  <system-out/>
</testsuite> <!-- Batch_Testing.PaymentTest -->
