<?xml version="1.0" encoding="UTF-8"?>
<!-- Generated by org.testng.reporters.JUnitReportReporter -->
<testsuite hostname="LAPTOP-16B2CL7O" failures="0" tests="3" name="Batch_Testing.HomeScreenTest" time="0.091" errors="0" timestamp="2024-06-22T14:21:13 IST" skipped="0">
  <testcase classname="Batch_Testing.HomeScreenTest" name="VerifyTitle" time="0.018"/>
  <system-out/>
  <testcase classname="Batch_Testing.HomeScreenTest" name="launchAppcation" time="0.011"/>
  <system-out/>
  <testcase classname="Batch_Testing.HomeScreenTest" name="VerifyLogo" time="0.062"/>
  <system-out/>
</testsuite> <!-- Batch_Testing.HomeScreenTest -->
