<?xml version="1.0" encoding="UTF-8"?>
<!-- Generated by org.testng.reporters.JUnitReportReporter -->
<testsuite hostname="LAPTOP-3VHJU490" failures="0" tests="1" name="Demos.Single_Form_loging" time="7.325" errors="0" timestamp="2024-07-24T01:08:33 IST" skipped="0">
  <testcase classname="Demos.Single_Form_loging" name="Test_Case" time="7.325"/>
  <system-out/>
</testsuite> <!-- Demos.Single_Form_loging -->
