<?xml version="1.0" encoding="UTF-8"?>
<!-- Generated by org.testng.reporters.JUnitReportReporter -->
<testsuite hostname="LAPTOP-16B2CL7O" failures="0" tests="4" name="Demos.Enable_Disable_XML" time="0.083" errors="0" timestamp="2024-06-13T21:27:31 IST" skipped="0">
  <testcase classname="Demos.Enable_Disable_XML" name="Test_Case_1" time="0.009"/>
  <system-out/>
  <testcase classname="Demos.Enable_Disable_XML" name="Test1_22222" time="0.050"/>
  <system-out/>
  <testcase classname="Demos.Enable_Disable_XML" name="Test_Case_3" time="0.006"/>
  <system-out/>
  <testcase classname="Demos.Enable_Disable_XML" name="Test_Case_4" time="0.018"/>
  <system-out/>
</testsuite> <!-- Demos.Enable_Disable_XML -->
