<?xml version="1.0" encoding="UTF-8"?>
<!-- Generated by org.testng.reporters.JUnitReportReporter -->
<testsuite hostname="LAPTOP-3VHJU490" failures="0" tests="1" name="TestNG.ParallelTest_1" time="32.857" errors="0" timestamp="2024-07-30T21:57:35 IST" skipped="0">
  <testcase classname="TestNG.ParallelTest_1" name="Parallel_01" time="32.857"/>
  <system-out/>
</testsuite> <!-- TestNG.ParallelTest_1 -->
