<?xml version="1.0" encoding="UTF-8"?>
<!-- Generated by org.testng.reporters.JUnitReportReporter -->
<testsuite hostname="LAPTOP-16B2CL7O" failures="0" tests="3" name="Demos.Enable_Disable_Test_Case_TestNG" time="0.064" errors="0" timestamp="2024-06-12T22:21:19 IST" skipped="1">
  <testcase classname="Demos.Enable_Disable_Test_Case_TestNG" name="Test_Case_1" time="0.034"/>
  <system-out/>
  <testcase classname="Demos.Enable_Disable_Test_Case_TestNG" name="Test_Case_3" time="0.030"/>
  <system-out/>
  <testcase classname="Demos.Enable_Disable_Test_Case_TestNG" name="Test_Case_2">
    <skipped/>
  </testcase> <!-- Test_Case_2 -->
  <system-out/>
</testsuite> <!-- Demos.Enable_Disable_Test_Case_TestNG -->
