<?xml version="1.0" encoding="UTF-8"?>
<!-- Generated by org.testng.reporters.JUnitReportReporter -->
<testsuite hostname="LAPTOP-16B2CL7O" failures="0" tests="2" name="Batch_Testing.LoginTest" time="0.050" errors="0" timestamp="2024-06-22T14:21:36 IST" skipped="0">
  <testcase classname="Batch_Testing.LoginTest" name="LoginByMailID" time="0.033"/>
  <system-out/>
  <testcase classname="Batch_Testing.LoginTest" name="LoginByMobailNumber" time="0.017"/>
  <system-out/>
</testsuite> <!-- Batch_Testing.LoginTest -->
