<?xml version="1.0" encoding="UTF-8"?>
<!-- Generated by org.testng.reporters.JUnitReportReporter -->
<testsuite hostname="LAPTOP-16B2CL7O" failures="0" tests="3" name="TestNG.DataProviders" time="64.759" errors="0" timestamp="2024-06-17T22:48:20 IST" skipped="0">
  <testcase classname="TestNG.DataProviders" name="TestCaseGoogleSearche" time="17.672"/>
  <system-out/>
  <testcase classname="TestNG.DataProviders" name="TestCaseGoogleSearche" time="28.936"/>
  <system-out/>
  <testcase classname="TestNG.DataProviders" name="TestCaseGoogleSearche" time="18.151"/>
  <system-out/>
</testsuite> <!-- TestNG.DataProviders -->
