<?xml version="1.0" encoding="UTF-8"?>
<!-- Generated by org.testng.reporters.JUnitReportReporter -->
<testsuite hostname="LAPTOP-16B2CL7O" failures="0" tests="5" name="Demos.Authentication_pup_handel" time="180.756" errors="0" timestamp="2024-06-12T21:41:22 IST" skipped="0">
  <testcase classname="Demos.Authentication_pup_handel" name="Authentication_pup_handel" time="18.665"/>
  <system-out/>
  <testcase classname="Demos.Authentication_pup_handel" name="Authentication_pup_handel" time="20.417"/>
  <system-out/>
  <testcase classname="Demos.Authentication_pup_handel" name="Authentication_pup_handel" time="92.500"/>
  <system-out/>
  <testcase classname="Demos.Authentication_pup_handel" name="Authentication_pup_handel" time="28.391"/>
  <system-out/>
  <testcase classname="Demos.Authentication_pup_handel" name="Authentication_pup_handel" time="20.783"/>
  <system-out/>
</testsuite> <!-- Demos.Authentication_pup_handel -->
