<?xml version="1.0" encoding="UTF-8"?>
<!-- Generated by org.testng.reporters.JUnitReportReporter -->
<testsuite hostname="LAPTOP-16B2CL7O" failures="0" tests="4" name="TestNG.Enable_Disable_XML" time="0.127" errors="0" timestamp="2024-06-13T23:34:30 IST" skipped="0">
  <testcase classname="TestNG.Enable_Disable_XML" name="Test_Case_3" time="0.078"/>
  <system-out/>
  <testcase classname="TestNG.Enable_Disable_XML" name="Test1_22222" time="0.029"/>
  <system-out/>
  <testcase classname="TestNG.Enable_Disable_XML" name="Test_Case_1" time="0.012"/>
  <system-out/>
  <testcase classname="TestNG.Enable_Disable_XML" name="Test_Case_4" time="0.008"/>
  <system-out/>
</testsuite> <!-- TestNG.Enable_Disable_XML -->
