<?xml version="1.0" encoding="UTF-8"?>
<!-- Generated by org.testng.reporters.JUnitReportReporter -->
<testsuite hostname="LAPTOP-16B2CL7O" failures="0" tests="6" name="TestNG.InvocationCountDemo" time="0.140" errors="0" timestamp="2024-06-22T18:25:19 IST" skipped="0">
  <testcase classname="TestNG.InvocationCountDemo" name="TestMethod_2" time="0.073"/>
  <system-out/>
  <testcase classname="TestNG.InvocationCountDemo" name="TestMethod_1" time="0.022"/>
  <system-out/>
  <testcase classname="TestNG.InvocationCountDemo" name="TestMethod_1" time="0.021"/>
  <system-out/>
  <testcase classname="TestNG.InvocationCountDemo" name="TestMethod_1" time="0.009"/>
  <system-out/>
  <testcase classname="TestNG.InvocationCountDemo" name="TestMethod_1" time="0.006"/>
  <system-out/>
  <testcase classname="TestNG.InvocationCountDemo" name="TestMethod_1" time="0.009"/>
  <system-out/>
</testsuite> <!-- TestNG.InvocationCountDemo -->
