<?xml version="1.0" encoding="UTF-8"?>
<!-- Generated by org.testng.reporters.JUnitReportReporter -->
<testsuite hostname="LAPTOP-3VHJU490" failures="0" tests="1" name="Demos.Properties_File" time="18.902" errors="0" timestamp="2024-07-30T23:06:47 IST" skipped="0">
  <testcase classname="Demos.Properties_File" name="properties" time="18.902"/>
  <system-out/>
</testsuite> <!-- Demos.Properties_File -->
