<?xml version="1.0" encoding="UTF-8"?>
<!-- Generated by org.testng.reporters.JUnitReportReporter -->
<testsuite hostname="LAPTOP-16B2CL7O" failures="0" tests="1" name="Demos.vertical_horizontal" time="53.479" errors="0" timestamp="2024-06-08T20:20:36 IST" skipped="0">
  <testcase classname="Demos.vertical_horizontal" name="vertical" time="53.479"/>
  <system-out/>
</testsuite> <!-- Demos.vertical_horizontal -->
