<?xml version="1.0" encoding="UTF-8"?>
<!-- Generated by org.testng.reporters.JUnitReportReporter -->
<testsuite hostname="LAPTOP-16B2CL7O" failures="0" tests="2" name="TestNG.Test_Annotation_Attributes" time="0.065" errors="0" timestamp="2024-06-14T00:21:45 IST" skipped="0">
  <testcase classname="TestNG.Test_Annotation_Attributes" name="ICICI_Bank" time="0.023"/>
  <system-out/>
  <testcase classname="TestNG.Test_Annotation_Attributes" name="HDFC_Bank" time="0.042"/>
  <system-out/>
</testsuite> <!-- TestNG.Test_Annotation_Attributes -->
