<?xml version="1.0" encoding="UTF-8"?>
<!-- Generated by org.testng.reporters.JUnitReportReporter -->
<testsuite hostname="LAPTOP-16B2CL7O" failures="0" tests="3" name="Batch_Testing.ProductPageTest" time="0.118" errors="0" timestamp="2024-06-22T14:21:51 IST" skipped="0">
  <testcase classname="Batch_Testing.ProductPageTest" name="AddProductCard" time="0.071"/>
  <system-out/>
  <testcase classname="Batch_Testing.ProductPageTest" name="AddProductSelectQuntity" time="0.021"/>
  <system-out/>
  <testcase classname="Batch_Testing.ProductPageTest" name="AddProductWishList" time="0.026"/>
  <system-out/>
</testsuite> <!-- Batch_Testing.ProductPageTest -->
